INFO:  latexindent.exe version 3.19, 2022-10-30, a script to indent .tex files
       latexindent.exe lives here: C:/texlive/2022/bin/win32/
       Mon Jun  5 14:02:39 2023
       Filename: e:/Hossam_OS/Hossam_CV/sections/__latexindent_temp_section_education.tex
INFO:  Processing switches:
       -y|--yaml: YAML settings specified via command line
       -c|--cruft: cruft directory
INFO:  Directory for backup files and e:/Hossam_OS/Hossam_CV//indent.log:
       e:/Hossam_OS/Hossam_CV/
INFO:  YAML settings read: defaultSettings.yaml
       Reading defaultSettings.yaml from C:/texlive/2022/bin/win32/defaultSettings.yaml
       Reading defaultSettings.yaml (2nd attempt) from C:/texlive/2022/bin/win32/../../texmf-dist/scripts/latexindent/defaultSettings.yaml
       and then, if necessary, C:/texlive/2022/bin/win32/LatexIndent/defaultSettings.yaml
INFO:  YAML settings read: indentconfig.yaml or .indentconfig.yaml
       Home directory is C:\Users\hossa (didn't find either indentconfig.yaml or .indentconfig.yaml)
       To specify user settings you would put indentconfig.yaml here: C:\Users\hossa/indentconfig.yaml
       Alternatively, you can use the hidden file .indentconfig.yaml as: C:\Users\hossa/.indentconfig.yaml
INFO:  YAML settings read: -y switch
       YAML setting: defaultIndent:'\t'
       single-quoted string found in -y switch: '\t', substitute to 	
       Updating mainSettings with defaultIndent: 	
INFO:  Phase 1: searching for objects
INFO:  Phase 2: finding surrounding indentation
INFO:  Phase 3: indenting objects
INFO:  Phase 4: final indentation check
INFO:  Output routine:
       Not outputting to file; see -w and -o switches for more options.
       --------------
INFO:  Please direct all communication/issues to:
        https://github.com/cmhughes/latexindent.pl
